<?xml version="1.0" encoding="UTF-8"?>
<!-- Generated by org.testng.reporters.JUnitReportReporter -->
<testsuite hostname="C83160" name="testScripts.BaseClass" tests="4" failures="0" timestamp="2 Nov 2017 03:11:32 GMT" time="0.031" errors="0">
  <testcase name="AddressPageFail_A" time="0.018" classname="testScripts.BaseClass"/>
  <testcase name="Login3" time="0.003" classname="testScripts.BaseClass"/>
  <testcase name="HomePagePass_A" time="0.009" classname="testScripts.BaseClass"/>
  <testcase name="PegaEFOLogin" time="0.001" classname="testScripts.BaseClass"/>
</testsuite> <!-- testScripts.BaseClass -->
