<?xml version="1.0" encoding="UTF-8"?>
<!-- Generated by org.testng.reporters.JUnitReportReporter -->
<testsuite hostname="C83160" name="testScripts.SingleClassReport" tests="3" failures="0" timestamp="2 Nov 2017 03:07:45 GMT" time="0.028" errors="0">
  <testcase name="AddressPageFail_A" time="0.015" classname="testScripts.SingleClassReport"/>
  <testcase name="LoginPagePass_A" time="0.002" classname="testScripts.SingleClassReport"/>
  <testcase name="HomePagePass_A" time="0.011" classname="testScripts.SingleClassReport"/>
</testsuite> <!-- testScripts.SingleClassReport -->
