<?xml version="1.0" encoding="UTF-8"?>
<!-- Generated by org.testng.reporters.JUnitReportReporter -->
<testsuite hostname="C83160" name="testScripts.VerifyLoginPage" tests="1" failures="0" timestamp="2 Nov 2017 20:04:15 GMT" time="3.928" errors="0">
  <testcase name="PegaEFOLogin" time="3.928" classname="testScripts.VerifyLoginPage"/>
</testsuite> <!-- testScripts.VerifyLoginPage -->
